0 info it worked if it ends with ok
1 verbose cli [ '/Users/andrewyamamoto/.nvm/versions/node/v5.8.0/bin/node',
1 verbose cli   '/Users/andrewyamamoto/.nvm/versions/node/v5.8.0/bin/npm',
1 verbose cli   'run',
1 verbose cli   'pack' ]
2 info using npm@3.7.3
3 info using node@v5.8.0
4 verbose run-script [ 'prepack', 'pack', 'postpack' ]
5 info lifecycle electron-workshop@0.0.2~prepack: electron-workshop@0.0.2
6 silly lifecycle electron-workshop@0.0.2~prepack: no script for prepack, continuing
7 info lifecycle electron-workshop@0.0.2~pack: electron-workshop@0.0.2
8 verbose lifecycle electron-workshop@0.0.2~pack: unsafe-perm in lifecycle true
9 verbose lifecycle electron-workshop@0.0.2~pack: PATH: /Users/andrewyamamoto/.nvm/versions/node/v5.8.0/lib/node_modules/npm/bin/node-gyp-bin:/Users/andrewyamamoto/Documents/Dev_projects/tmp/ohanajs/electron-workshop/node_modules/.bin:/Users/andrewyamamoto/.nvm/versions/node/v5.8.0/bin:/Users/andrewyamamoto/.nvm/versions/node/v5.8.0/bin:/usr/local/bin:/usr/bin:/bin:/usr/sbin:/sbin
10 verbose lifecycle electron-workshop@0.0.2~pack: CWD: /Users/andrewyamamoto/Documents/Dev_projects/tmp/ohanajs/electron-workshop
11 silly lifecycle electron-workshop@0.0.2~pack: Args: [ '-c',
11 silly lifecycle   'npm run clean && npm run pack:osx && npm run pack:win' ]
12 silly lifecycle electron-workshop@0.0.2~pack: Returned: code: 1  signal: null
13 info lifecycle electron-workshop@0.0.2~pack: Failed to exec pack script
14 verbose stack Error: electron-workshop@0.0.2 pack: `npm run clean && npm run pack:osx && npm run pack:win`
14 verbose stack Exit status 1
14 verbose stack     at EventEmitter.<anonymous> (/Users/andrewyamamoto/.nvm/versions/node/v5.8.0/lib/node_modules/npm/lib/utils/lifecycle.js:239:16)
14 verbose stack     at emitTwo (events.js:100:13)
14 verbose stack     at EventEmitter.emit (events.js:185:7)
14 verbose stack     at ChildProcess.<anonymous> (/Users/andrewyamamoto/.nvm/versions/node/v5.8.0/lib/node_modules/npm/lib/utils/spawn.js:24:14)
14 verbose stack     at emitTwo (events.js:100:13)
14 verbose stack     at ChildProcess.emit (events.js:185:7)
14 verbose stack     at maybeClose (internal/child_process.js:850:16)
14 verbose stack     at Process.ChildProcess._handle.onexit (internal/child_process.js:215:5)
15 verbose pkgid electron-workshop@0.0.2
16 verbose cwd /Users/andrewyamamoto/Documents/Dev_projects/tmp/ohanajs/electron-workshop
17 error Darwin 14.5.0
18 error argv "/Users/andrewyamamoto/.nvm/versions/node/v5.8.0/bin/node" "/Users/andrewyamamoto/.nvm/versions/node/v5.8.0/bin/npm" "run" "pack"
19 error node v5.8.0
20 error npm  v3.7.3
21 error code ELIFECYCLE
22 error electron-workshop@0.0.2 pack: `npm run clean && npm run pack:osx && npm run pack:win`
22 error Exit status 1
23 error Failed at the electron-workshop@0.0.2 pack script 'npm run clean && npm run pack:osx && npm run pack:win'.
23 error Make sure you have the latest version of node.js and npm installed.
23 error If you do, this is most likely a problem with the electron-workshop package,
23 error not with npm itself.
23 error Tell the author that this fails on your system:
23 error     npm run clean && npm run pack:osx && npm run pack:win
23 error You can get information on how to open an issue for this project with:
23 error     npm bugs electron-workshop
23 error Or if that isn't available, you can get their info via:
23 error     npm owner ls electron-workshop
23 error There is likely additional logging output above.
24 verbose exit [ 1, true ]
